<?xml version="1.0" encoding="utf-8"?><testsuites><testsuite name="pytest" errors="0" failures="0" skipped="0" tests="70" time="2.401" timestamp="2025-02-24T12:20:18.739125-08:00" hostname="oryx"><testcase classname="tests.config.test_model" name="test_parse_int[1-0-2]" time="0.189" /><testcase classname="tests.config.test_model" name="test_parse_int[1-1-2]" time="0.002" /><testcase classname="tests.config.test_model" name="test_parse_int[2--2-2]" time="0.002" /><testcase classname="tests.config.test_model" name="test_parse_int[-3--5--1]" time="0.002" /><testcase classname="tests.config.test_model" name="test_parse_int_errors[0-1-2-ValueError-Provided value is less than the minimum allowed]" time="0.003" /><testcase classname="tests.config.test_model" name="test_parse_int_errors[4-0-2-ValueError-Provided value is greater than the maximum allowed]" time="0.004" /><testcase classname="tests.config.test_model" name="test_parse_int_errors[value2-4-2-TypeError-Value must be parsable to integer]" time="0.002" /><testcase classname="tests.config.test_model" name="test_module_config_default" time="0.001" /><testcase classname="tests.config.test_model" name="test_module_config_max_generator_retries" time="0.001" /><testcase classname="tests.config.test_model" name="test_module_config_max_historian_buffer" time="0.001" /><testcase classname="tests.config.test_model" name="test_module_config_generator_dir" time="0.001" /><testcase classname="tests.config.test_model" name="test_module_config_bad_dir" time="0.001" /><testcase classname="tests.config.test_model" name="test_project_config_invalid_type" time="0.001" /><testcase classname="tests.docs.test_use_cases" name="test_single_value_string" time="0.074" /><testcase classname="tests.docs.test_use_cases" name="test_single_value_integer" time="0.006" /><testcase classname="tests.docs.test_use_cases" name="test_random_choice" time="0.006" /><testcase classname="tests.docs.test_use_cases" name="test_single_value_object" time="0.009" /><testcase classname="tests.docs.test_use_cases" name="test_multi_value_string" time="0.006" /><testcase classname="tests.docs.test_use_cases" name="test_static_ref_events" time="0.015" /><testcase classname="tests.docs.test_use_cases" name="test_static_ref_random_start" time="0.014" /><testcase classname="tests.docs.test_use_cases" name="test_seq_format_string" time="0.010" /><testcase classname="tests.docs.test_use_cases" name="test_cond_status_change" time="0.013" /><testcase classname="tests.docs.test_use_cases" name="test_num_trend" time="0.007" /><testcase classname="tests.docs.test_use_cases" name="test_sine_wave" time="0.011" /><testcase classname="tests.formatters.test_ascii_table" name="test_single_string" time="0.002" /><testcase classname="tests.formatters.test_ascii_table" name="test_single_number" time="0.002" /><testcase classname="tests.formatters.test_ascii_table" name="test_single_object" time="0.002" /><testcase classname="tests.formatters.test_ascii_table" name="test_single_object_w_col_sep" time="0.002" /><testcase classname="tests.formatters.test_ascii_table" name="test_multiple_objects" time="0.002" /><testcase classname="tests.formatters.test_ascii_table" name="test_multiple_objects_as_collection" time="0.002" /><testcase classname="tests.formatters.test_ascii_table" name="test_multiple_objects_as_collection_w_col_sep" time="0.002" /><testcase classname="tests.formatters.test_ascii_table" name="test_multiple_objects_as_collection_w_row_sep" time="0.002" /><testcase classname="tests.formatters.test_csv" name="test_single_string" time="0.003" /><testcase classname="tests.formatters.test_csv" name="test_single_number" time="0.002" /><testcase classname="tests.formatters.test_csv" name="test_single_object" time="0.002" /><testcase classname="tests.formatters.test_csv" name="test_multiple_objects" time="0.002" /><testcase classname="tests.formatters.test_csv" name="test_multiple_objects_as_collection" time="0.002" /><testcase classname="tests.formatters.test_json" name="test_single_string" time="0.002" /><testcase classname="tests.formatters.test_json" name="test_single_number" time="0.002" /><testcase classname="tests.formatters.test_json" name="test_single_object" time="0.002" /><testcase classname="tests.formatters.test_json" name="test_multiple_objects" time="0.002" /><testcase classname="tests.formatters.test_json" name="test_multiple_objects_as_collection" time="0.002" /><testcase classname="tests.formatters.test_sql" name="test_single_string" time="0.002" /><testcase classname="tests.formatters.test_sql" name="test_single_number" time="0.002" /><testcase classname="tests.formatters.test_sql" name="test_single_object" time="0.002" /><testcase classname="tests.formatters.test_sql" name="test_multiple_objects" time="0.002" /><testcase classname="tests.formatters.test_sql" name="test_multiple_objects_as_collection" time="0.002" /><testcase classname="tests.generators.test_generators" name="test_load_default_generator" time="0.004" /><testcase classname="tests.generators.test_generators" name="test_register_generator" time="0.003" /><testcase classname="tests.utils.test_distributions" name="test_no_distribution[default_dist]" time="0.002" /><testcase classname="tests.utils.test_distributions" name="test_no_distribution[given_dist]" time="0.002" /><testcase classname="tests.utils.test_distributions" name="test_linear_distribution_numeric[_type_str0]" time="0.002" /><testcase classname="tests.utils.test_distributions" name="test_linear_distribution_numeric[_type_str1]" time="0.002" /><testcase classname="tests.utils.test_distributions" name="test_std_dev_distribution[0.2]" time="0.004" /><testcase classname="tests.utils.test_distributions" name="test_std_dev_distribution[0.5]" time="0.003" /><testcase classname="tests.utils.test_distributions" name="test_std_dev_distribution[1.0]" time="0.003" /><testcase classname="tests.utils.test_distributions" name="test_std_dev_distribution[2.0]" time="0.003" /><testcase classname="tests.utils.test_distributions" name="test_std_dev_distribution[5.0]" time="0.003" /><testcase classname="tests.utils.test_exceptions" name="test_exception_output" time="0.001" /><testcase classname="tests.utils.test_filters" name="test_to_timestamp" time="0.001" /><testcase classname="tests.utils.test_filters" name="test_to_datetime[2024-01-01T00:00:00Z-result0]" time="0.001" /><testcase classname="tests.utils.test_filters" name="test_to_datetime[2024-01-01+00:00-result1]" time="0.001" /><testcase classname="tests.utils.test_filters" name="test_to_datetime[2024-01-01T00:00:00+00:00-result2]" time="0.001" /><testcase classname="tests.utils.test_filters" name="test_to_datetime_delta[1d-new_time0]" time="0.001" /><testcase classname="tests.utils.test_filters" name="test_to_datetime_delta[1H-new_time1]" time="0.001" /><testcase classname="tests.utils.test_filters" name="test_to_datetime_delta[1M-new_time2]" time="0.001" /><testcase classname="tests.utils.test_filters" name="test_to_datetime_delta[1S-new_time3]" time="0.001" /><testcase classname="tests.utils.test_filters" name="test_to_datetime_delta[1d 5H-new_time4]" time="0.001" /><testcase classname="tests.utils.test_filters" name="test_to_datetime_delta[1d 1H 1M-new_time5]" time="0.001" /><testcase classname="tests.utils.test_filters" name="test_to_datetime_delta[1d 5M 2d-new_time6]" time="0.001" /></testsuite></testsuites>